  0.0000000E+000  0.0000000E+000 -0.8828125E-002  0.1765625E-001  0.1765625E-001
  0.0000000E+000  0.1765625E-001  0.8828125E-002  0.1765625E-001  0.1765625E-001
  0.0000000E+000  0.3531250E-001  0.2648437E-001  0.1765625E-001  0.1765625E-001
  0.0000000E+000  0.5296875E-001  0.4414062E-001  0.1765625E-001  0.1765625E-001
  0.0000000E+000  0.7062500E-001  0.6179687E-001  0.1765625E-001  0.1765625E-001
  0.0000000E+000  0.8828125E-001  0.7945312E-001  0.1765625E-001  0.1765625E-001
  0.0000000E+000  0.1059375E+000  0.9710937E-001  0.1765625E-001  0.1765625E-001
  0.0000000E+000  0.1235937E+000  0.1147656E+000  0.1765625E-001  0.1765625E-001
  0.0000000E+000  0.1412500E+000  0.1324219E+000  0.1765625E-001  0.1765625E-001
  0.0000000E+000  0.1589062E+000  0.1500781E+000  0.1765625E-001  0.1765625E-001
  0.0000000E+000  0.1765625E+000  0.1677344E+000  0.1765625E-001  0.1765625E-001
  0.0000000E+000  0.1942187E+000  0.1853906E+000  0.1765625E-001  0.1765625E-001
  0.0000000E+000  0.2118750E+000  0.2030469E+000  0.1765625E-001  0.1765625E-001
  0.0000000E+000  0.2295312E+000  0.2207031E+000  0.1765625E-001  0.1765625E-001
  0.0000000E+000  0.2471875E+000  0.2383594E+000  0.1765625E-001  0.1765625E-001
  0.0000000E+000  0.2648437E+000  0.2560156E+000  0.1765625E-001  0.1765625E-001
  0.0000000E+000  0.2825000E+000  0.2736719E+000  0.1765625E-001  0.1765625E-001
  0.0000000E+000  0.3001562E+000  0.2913281E+000  0.1765625E-001  0.1765625E-001
  0.0000000E+000  0.3178125E+000  0.3089844E+000  0.1765625E-001  0.1765625E-001
  0.0000000E+000  0.3354687E+000  0.3266406E+000  0.1765625E-001  0.1765625E-001
  0.0000000E+000  0.3531250E+000  0.3442969E+000  0.1765625E-001  0.1765625E-001
  0.0000000E+000  0.3707812E+000  0.3619531E+000  0.1765625E-001  0.1765625E-001
  0.0000000E+000  0.3884375E+000  0.3796094E+000  0.1765625E-001  0.1765625E-001
  0.0000000E+000  0.4060937E+000  0.3972656E+000  0.1765625E-001  0.1765625E-001
  0.0000000E+000  0.4237500E+000  0.4149219E+000  0.1765625E-001  0.1765625E-001
  0.0000000E+000  0.4414062E+000  0.4325781E+000  0.1765625E-001  0.1765625E-001
  0.0000000E+000  0.4590625E+000  0.4502344E+000  0.1765625E-001  0.1765625E-001
  0.0000000E+000  0.4767187E+000  0.4678906E+000  0.1765625E-001  0.1765625E-001
  0.0000000E+000  0.4943750E+000  0.4855469E+000  0.1765625E-001  0.1765625E-001
  0.0000000E+000  0.5120312E+000  0.5032031E+000  0.1765625E-001  0.1765625E-001
  0.0000000E+000  0.5296875E+000  0.5208594E+000  0.1765625E-001  0.1765625E-001
  0.0000000E+000  0.5473437E+000  0.5385156E+000  0.1765625E-001  0.1765625E-001
  0.0000000E+000  0.5650000E+000  0.5561719E+000  0.1765625E-001  0.1765625E-001
  0.0000000E+000  0.5826562E+000  0.5738281E+000  0.1765625E-001  0.1765625E-001
