           vex_fld_0000000.bin     Velocity_X    1    1    1   32   32   32    1    1    1  0.0000000E+000      0
           vey_fld_0000000.bin     Velocity_Y    1    1    1   32   32   32    1    1    1  0.0000000E+000      0
           vez_fld_0000000.bin     Velocity_Z    1    1    1   32   32   32    1    1    1  0.0000000E+000      0
           pre_fld_0000000.bin       Pressure    1    1    1   32   32   32    1    1    1  0.0000000E+000      0
         visct_fld_0000000.bin      Viscosity    1    1    1   32   32   32    1    1    1  0.0000000E+000      0
           vex_fld_0000000.bin     Velocity_X    1    1    1   32   32   32    1    1    1  0.0000000E+000      0
           vey_fld_0000000.bin     Velocity_Y    1    1    1   32   32   32    1    1    1  0.0000000E+000      0
           vez_fld_0000000.bin     Velocity_Z    1    1    1   32   32   32    1    1    1  0.0000000E+000      0
           pre_fld_0000000.bin       Pressure    1    1    1   32   32   32    1    1    1  0.0000000E+000      0
         visct_fld_0000000.bin      Viscosity    1    1    1   32   32   32    1    1    1  0.0000000E+000      0
           vex_fld_0000000.bin     Velocity_X    1    1    1   32   32   32    1    1    1  0.0000000E+000      0
           vey_fld_0000000.bin     Velocity_Y    1    1    1   32   32   32    1    1    1  0.0000000E+000      0
           vez_fld_0000000.bin     Velocity_Z    1    1    1   32   32   32    1    1    1  0.0000000E+000      0
           pre_fld_0000000.bin       Pressure    1    1    1   32   32   32    1    1    1  0.0000000E+000      0
         visct_fld_0000000.bin      Viscosity    1    1    1   32   32   32    1    1    1  0.0000000E+000      0
           vex_fld_0000000.bin     Velocity_X    1    1    1   32   32   32    1    1    1  0.0000000E+000      0
           vey_fld_0000000.bin     Velocity_Y    1    1    1   32   32   32    1    1    1  0.0000000E+000      0
           vez_fld_0000000.bin     Velocity_Z    1    1    1   32   32   32    1    1    1  0.0000000E+000      0
           pre_fld_0000000.bin       Pressure    1    1    1   32   32   32    1    1    1  0.0000000E+000      0
         visct_fld_0000000.bin      Viscosity    1    1    1   32   32   32    1    1    1  0.0000000E+000      0
           vex_fld_0000000.bin     Velocity_X    1    1    1   32   32   32    1    1    1  0.0000000E+000      0
           vey_fld_0000000.bin     Velocity_Y    1    1    1   32   32   32    1    1    1  0.0000000E+000      0
           vez_fld_0000000.bin     Velocity_Z    1    1    1   32   32   32    1    1    1  0.0000000E+000      0
           pre_fld_0000000.bin       Pressure    1    1    1   32   32   32    1    1    1  0.0000000E+000      0
         visct_fld_0000000.bin      Viscosity    1    1    1   32   32   32    1    1    1  0.0000000E+000      0
