       u_slice_fld_0000000.bin     Velocity_X    1   16    1   32   16   32    1    1    1  0.0000000E+000      0
       v_slice_fld_0000000.bin     Velocity_Y    1   16    1   32   16   32    1    1    1  0.0000000E+000      0
       w_slice_fld_0000000.bin     Velocity_Z    1   16    1   32   16   32    1    1    1  0.0000000E+000      0
       p_slice_fld_0000000.bin       Pressure    1   16    1   32   16   32    1    1    1  0.0000000E+000      0
   visct_slice_fld_0000000.bin      Viscosity    1   16    1   32   16   32    1    1    1  0.0000000E+000      0
       u_slice_fld_0000000.bin     Velocity_X    1   16    1   32   16   32    1    1    1  0.0000000E+000      0
       v_slice_fld_0000000.bin     Velocity_Y    1   16    1   32   16   32    1    1    1  0.0000000E+000      0
       w_slice_fld_0000000.bin     Velocity_Z    1   16    1   32   16   32    1    1    1  0.0000000E+000      0
       p_slice_fld_0000000.bin       Pressure    1   16    1   32   16   32    1    1    1  0.0000000E+000      0
   visct_slice_fld_0000000.bin      Viscosity    1   16    1   32   16   32    1    1    1  0.0000000E+000      0
       u_slice_fld_0000000.bin     Velocity_X    1   16    1   32   16   32    1    1    1  0.0000000E+000      0
       v_slice_fld_0000000.bin     Velocity_Y    1   16    1   32   16   32    1    1    1  0.0000000E+000      0
       w_slice_fld_0000000.bin     Velocity_Z    1   16    1   32   16   32    1    1    1  0.0000000E+000      0
       p_slice_fld_0000000.bin       Pressure    1   16    1   32   16   32    1    1    1  0.0000000E+000      0
   visct_slice_fld_0000000.bin      Viscosity    1   16    1   32   16   32    1    1    1  0.0000000E+000      0
       u_slice_fld_0000000.bin     Velocity_X    1   16    1   32   16   32    1    1    1  0.0000000E+000      0
       v_slice_fld_0000000.bin     Velocity_Y    1   16    1   32   16   32    1    1    1  0.0000000E+000      0
       w_slice_fld_0000000.bin     Velocity_Z    1   16    1   32   16   32    1    1    1  0.0000000E+000      0
       p_slice_fld_0000000.bin       Pressure    1   16    1   32   16   32    1    1    1  0.0000000E+000      0
   visct_slice_fld_0000000.bin      Viscosity    1   16    1   32   16   32    1    1    1  0.0000000E+000      0
       u_slice_fld_0000000.bin     Velocity_X    1   16    1   32   16   32    1    1    1  0.0000000E+000      0
       v_slice_fld_0000000.bin     Velocity_Y    1   16    1   32   16   32    1    1    1  0.0000000E+000      0
       w_slice_fld_0000000.bin     Velocity_Z    1   16    1   32   16   32    1    1    1  0.0000000E+000      0
       p_slice_fld_0000000.bin       Pressure    1   16    1   32   16   32    1    1    1  0.0000000E+000      0
   visct_slice_fld_0000000.bin      Viscosity    1   16    1   32   16   32    1    1    1  0.0000000E+000      0
