  0.1000000E+002  0.3310000E-002  0.3310000E-001
  0.2000000E+002  0.3310000E-002  0.6620000E-001
  0.3000000E+002  0.3310000E-002  0.9930000E-001
  0.4000000E+002  0.3310000E-002  0.1324000E+000
  0.5000000E+002  0.3310000E-002  0.1655000E+000
  0.6000000E+002  0.3310000E-002  0.1986000E+000
  0.7000000E+002  0.3310000E-002  0.2317000E+000
  0.8000000E+002  0.3310000E-002  0.2648000E+000
  0.9000000E+002  0.3310000E-002  0.2979000E+000
  0.1000000E+003  0.3310000E-002  0.3310000E+000
  0.1100000E+003  0.3310000E-002  0.3641000E+000
  0.1000000E+002  0.3310000E-002  0.3310000E-001
  0.2000000E+002  0.3310000E-002  0.6620000E-001
  0.3000000E+002  0.3310000E-002  0.9930000E-001
  0.4000000E+002  0.3310000E-002  0.1324000E+000
  0.5000000E+002  0.3310000E-002  0.1655000E+000
  0.6000000E+002  0.3310000E-002  0.1986000E+000
  0.7000000E+002  0.3310000E-002  0.2317000E+000
  0.8000000E+002  0.3310000E-002  0.2648000E+000
  0.9000000E+002  0.3310000E-002  0.2979000E+000
  0.1000000E+003  0.3310000E-002  0.3310000E+000
  0.1100000E+003  0.3310000E-002  0.3641000E+000
  0.1200000E+003  0.3310000E-002  0.3972000E+000
  0.1300000E+003  0.3310000E-002  0.4303000E+000
  0.1400000E+003  0.3310000E-002  0.4634000E+000
  0.1500000E+003  0.3310000E-002  0.4965000E+000
  0.1600000E+003  0.3310000E-002  0.5296000E+000
  0.1700000E+003  0.3310000E-002  0.5627000E+000
  0.1800000E+003  0.3310000E-002  0.5958000E+000
  0.1900000E+003  0.3310000E-002  0.6289000E+000
  0.1000000E+002  0.3310000E-002  0.3310000E-001
  0.2000000E+002  0.3310000E-002  0.6620000E-001
  0.3000000E+002  0.3310000E-002  0.9930000E-001
  0.4000000E+002  0.3310000E-002  0.1324000E+000
  0.5000000E+002  0.3310000E-002  0.1655000E+000
  0.6000000E+002  0.3310000E-002  0.1986000E+000
  0.7000000E+002  0.3310000E-002  0.2317000E+000
  0.8000000E+002  0.3310000E-002  0.2648000E+000
  0.9000000E+002  0.3310000E-002  0.2979000E+000
  0.1000000E+003  0.3310000E-002  0.3310000E+000
  0.1100000E+003  0.3310000E-002  0.3641000E+000
  0.1000000E+002  0.3310000E-002  0.3310000E-001
  0.2000000E+002  0.3310000E-002  0.6620000E-001
  0.3000000E+002  0.3310000E-002  0.9930000E-001
  0.4000000E+002  0.3310000E-002  0.1324000E+000
  0.5000000E+002  0.3310000E-002  0.1655000E+000
  0.6000000E+002  0.3310000E-002  0.1986000E+000
  0.7000000E+002  0.3310000E-002  0.2317000E+000
  0.8000000E+002  0.3310000E-002  0.2648000E+000
  0.9000000E+002  0.3310000E-002  0.2979000E+000
  0.1000000E+003  0.3310000E-002  0.3310000E+000
  0.1100000E+003  0.3310000E-002  0.3641000E+000
  0.1000000E+002  0.3310000E-002  0.3310000E-001
  0.2000000E+002  0.3310000E-002  0.6620000E-001
  0.3000000E+002  0.3310000E-002  0.9930000E-001
  0.4000000E+002  0.3310000E-002  0.1324000E+000
  0.5000000E+002  0.3310000E-002  0.1655000E+000
  0.6000000E+002  0.3310000E-002  0.1986000E+000
  0.7000000E+002  0.3310000E-002  0.2317000E+000
  0.8000000E+002  0.3310000E-002  0.2648000E+000
  0.9000000E+002  0.3310000E-002  0.2979000E+000
  0.1000000E+003  0.3310000E-002  0.3310000E+000
  0.1100000E+003  0.3310000E-002  0.3641000E+000
  0.1200000E+003  0.3310000E-002  0.3972000E+000
  0.1300000E+003  0.3310000E-002  0.4303000E+000
  0.1400000E+003  0.3310000E-002  0.4634000E+000
  0.1500000E+003  0.3310000E-002  0.4965000E+000
  0.1600000E+003  0.3310000E-002  0.5296000E+000
  0.1700000E+003  0.3310000E-002  0.5627000E+000
  0.1800000E+003  0.3310000E-002  0.5958000E+000
  0.1900000E+003  0.3310000E-002  0.6289000E+000
