 8.8281249999999992E-003  1.7656249999999998E-002  1.6408572209558298E-002  1.2633762360167849E-001  7.1606991613251836E-001  2.2291038976931588E-001  3.7434245956082038E-002  4.3004629450693437E-002  1.7656249999999998E-002  1.7656249999999998E-002
 2.6484374999999998E-002  3.5312499999999997E-002  5.4575975488935530E-002  1.0719496597274264E-001 -7.3548924781288855E-002  1.5399873809085313E-001  3.9777590343776002E-002  4.5178452859939933E-002  1.7656249999999998E-002  1.7656249999999998E-002
 4.4140624999999996E-002  5.2968749999999995E-002  5.0918255788661750E-002  9.0038325843549180E-004 -5.5812566253927076E-001  1.4940225303728880E-001  4.5995977278115663E-002  4.6648174633348513E-002  1.7656249999999998E-002  1.7656249999999998E-002
 6.1796874999999994E-002  7.0624999999999993E-002  2.1593112010270872E-002 -6.6540278618089144E-002  8.7642947260516402E-001 -1.4694367312634146E-003  5.0899199916074042E-002  4.4500112318038729E-002  1.7656249999999998E-002  1.7656249999999998E-002
 7.9453124999999986E-002  8.8281249999999992E-002  6.8254560546558013E-002 -4.4797989063560570E-002 -7.1281908916852088E-001  2.6962727102300993E-002  4.1759811630252941E-002  4.5717160873930511E-002  1.7656249999999998E-002  1.7656249999999998E-002
 9.7109374999999984E-002  1.0593749999999999E-001  3.0735499326398012E-002 -3.4909447838680219E-002 -1.0802361015206328E+000  1.0483043393506088E-002  4.6921899726484792E-002  4.8781497382522791E-002  1.7656249999999998E-002  1.7656249999999998E-002
 1.1476562499999998E-001  1.2359374999999999E-001 -2.6245181766790780E-002 -5.6807633124936363E-002 -1.4806436102198455E+000 -1.0851254067302296E-001  3.6792495397782801E-002  5.4942079125061993E-002  1.7656249999999998E-002  1.7656249999999998E-002
 1.3242187499999997E-001  1.4124999999999999E-001 -1.0443494808638788E-001 -7.3006023580286405E-002 -4.9101056466097970E-001  9.9168422285665775E-002  4.3141545915032858E-002  6.1497741793308067E-002  1.7656249999999991E-002  1.7656249999999998E-002
 1.5007812499999995E-001  1.5890624999999997E-001 -1.3020508902404121E-001 -1.1482259199290665E-001 -1.2174025104033399E+000  2.2315110282522937E-001  4.4286257598017867E-002  6.3585459317821003E-002  1.7656249999999998E-002  1.7656249999999984E-002
 1.6773437499999994E-001  1.7656249999999998E-001 -1.9445130333773361E-001 -1.2711744601392627E-001  1.7087968892244614E+000 -8.8413509943817414E-002  4.8662135089953908E-002  5.3060391299091250E-002  1.7656250000000012E-002  1.7656250000000012E-002
 1.8539062499999995E-001  1.9421875000000000E-001 -1.0370039320238958E-001 -9.8146412582105699E-002  1.6508234043361041E+000  7.7197120848511186E-002  5.2128062012348632E-002  4.8596286206181033E-002  1.7656249999999998E-002  1.7656250000000012E-002
 2.0304687499999996E-001  2.1187499999999998E-001 -1.6020266094726864E-002  3.8614076938806412E-003  7.6525089686972625E-001  2.1999046738810146E-001  5.0005675155547560E-002  5.4508498621232297E-002  1.7656249999999984E-002  1.7656249999999984E-002
 2.2070312499999994E-001  2.2953124999999996E-001  2.4752192258075550E-002  6.4633332980221891E-002  1.1707726826706322E+000 -1.6763112729537599E-001  4.8755482561675736E-002  6.0035994359443220E-002  1.7656249999999998E-002  1.7656249999999984E-002
 2.3835937499999993E-001  2.4718749999999998E-001  8.7004632702518070E-002  1.4482635100789326E-001 -5.7193813661814263E-001  3.5907092405658161E-002  5.2483016590134726E-002  6.0701318112341682E-002  1.7656250000000012E-002  1.7656250000000012E-002
 2.5601562499999997E-001  2.6484374999999999E-001  5.6947859437760956E-002  1.5408400740666428E-001  3.8879243125503293E-001  1.4240015243448323E-001  5.1740473235610165E-002  6.1941479789924266E-002  1.7656249999999998E-002  1.7656250000000012E-002
 2.7367187499999995E-001  2.8249999999999997E-001  7.7779783440036276E-002  1.6661748404001592E-001 -8.2551796209423256E-001  1.6244843290522953E-001  4.8625970767468149E-002  6.4206708086641043E-002  1.7656249999999984E-002  1.7656249999999984E-002
 2.9132812499999994E-001  3.0015624999999996E-001  3.4291203794591600E-002  9.7107573074656617E-002 -1.1329313008341482E+000 -8.0055697900923720E-002  5.1080231804008058E-002  5.6621852848237342E-002  1.7656249999999984E-002  1.7656249999999984E-002
 3.0898437499999992E-001  3.1781249999999994E-001 -2.5480676137234183E-002 -1.1733674642134945E-002  1.8760943092786107E-002  1.7366505668616607E-002  4.7920505210626567E-002  5.0044388721343272E-002  1.7656250000000012E-002  1.7656249999999984E-002
 3.2664062499999991E-001  3.3546874999999998E-001 -2.4248857523553418E-002 -4.1324536057189803E-002 -4.9511103163049686E-002  3.2850222428482109E-002  4.2976602232874070E-002  4.5937637884865920E-002  1.7656250000000012E-002  1.7656250000000040E-002
 3.4429687499999995E-001  3.5312499999999997E-001 -2.6633323859987020E-002 -5.2034260389720068E-002  6.9124445688499914E-001  2.6328079171869856E-001  4.1525433824840641E-002  4.1970816251335127E-002  1.7656249999999984E-002  1.7656249999999984E-002
 3.6195312499999993E-001  3.7078124999999995E-001  1.0219105874876327E-002 -2.2809222988361542E-002 -4.1612950073799937E-001  2.4019484559224294E-001  4.2376042082037310E-002  3.9040331991303995E-002  1.7656250000000012E-002  1.7656249999999984E-002
 3.7960937499999992E-001  3.8843749999999999E-001 -1.1584678708108647E-002 -1.5803282751874141E-002  7.0426643891250840E-001 -9.8792288001906640E-003  4.8757357157317924E-002  3.5513514930607941E-002  1.7656250000000012E-002  1.7656250000000040E-002
 3.9726562499999996E-001  4.0609374999999998E-001  2.5957509137274057E-002 -1.3501724948014181E-002  1.9587639438870337E+000 -2.6470088023779159E-001  4.7694672723335690E-002  3.6625163141168891E-002  1.7656249999999984E-002  1.7656249999999984E-002
 4.1492187499999994E-001  4.2374999999999996E-001  1.2994886169927305E-001  1.2755642083106266E-002  1.4758957268611128E-001 -1.6521444414488481E-001  4.9990894579493336E-002  4.3498137582598365E-002  1.7656249999999984E-002  1.7656249999999984E-002
 4.3257812499999992E-001  4.4140624999999994E-001  1.3800457178672534E-001  2.1476210290063164E-002 -1.8407405183397296E+000  9.6572013962252873E-002  5.1727983351622452E-002  4.2114916197767874E-002  1.7656249999999984E-002  1.7656249999999984E-002
 4.5023437499999991E-001  4.5906249999999993E-001  4.0740922365153816E-002  2.0725376668804463E-002 -4.8857686725820060E-001  9.9299549665235270E-002  4.9217466481912969E-002  4.3981038798272892E-002  1.7656250000000012E-002  1.7656249999999984E-002
 4.6789062499999989E-001  4.7671874999999997E-001  1.5099691336804378E-002 -2.2768880795697569E-002 -8.3742927283489643E-001 -2.9148580352436022E-002  5.0358207857819678E-002  4.9937716097267652E-002  1.7656250000000012E-002  1.7656250000000040E-002
 4.8554687499999993E-001  4.9437499999999995E-001 -2.9019815549436594E-002 -6.7062161149225696E-002  4.2289265348501248E-002  2.1307351845801806E-001  4.4825012170533085E-002  4.9118408778838579E-002  1.7656249999999984E-002  1.7656249999999984E-002
 5.0320312499999997E-001  5.1203124999999994E-001 -2.6541731116273733E-002 -5.3922102803394427E-002 -2.6864599460193861E-001  1.4532413555240917E-001  4.1601310028197613E-002  4.2813954866686488E-002  1.7656250000000012E-002  1.7656249999999984E-002
 5.2085937500000001E-001  5.2968749999999998E-001 -4.0533498733609334E-002 -3.4955438920182586E-003  1.2426864175585866E+000 -7.7491662551195342E-002  4.2134110628617688E-002  4.3615939076204389E-002  1.7656249999999984E-002  1.7656250000000040E-002
 5.3851562500000005E-001  5.4734374999999991E-001  2.5528122355682126E-002  1.5756871624651447E-002 -1.2322832044265783E+000  3.2426781854992176E-002  3.5480637031921392E-002  4.3149293652828200E-002  1.7656249999999984E-002  1.7656249999999929E-002
 5.5617187499999998E-001  5.6499999999999995E-001 -3.9506303719554728E-002  4.7691798073670910E-002  1.0511254469829518E+000 -1.4582027591854724E-001  3.5837107997781475E-002  3.8980977786166743E-002  1.7656250000000040E-002  1.7656250000000040E-002
