 8.8281249999999992E-003  1.7656249999999998E-002  6.7613245508337059E+001  8.2371156665488843E-001 -1.8378678702315332E-001  1.7571330241185938E+000  1.3713112481292586E-001  1.2575877342936093E-001  1.7656249999999998E-002  1.7656249999999998E-002
 2.6484374999999998E-002  3.5312499999999997E-002  6.7463091782998873E+001  8.6108441232223720E-001  3.2541888793911355E-001  1.7758020511273582E+000  1.2941930314785052E-001  1.2490857179150638E-001  1.7656249999999998E-002  1.7656249999999998E-002
 4.4140624999999996E-002  5.2968749999999995E-002  6.9176869862570101E+001  7.5944186790799728E-001  2.4639934473858496E-001  1.3041619502762265E+000  1.3259315978779482E-001  1.2673905661276658E-001  1.7656249999999998E-002  1.7656249999999998E-002
 6.1796874999999994E-002  7.0624999999999993E-002  7.9299446401222809E+001  7.3336879732621152E-001  6.8446381955115998E-001  6.7462642347574842E-001  1.3191244308004516E-001  1.3095077269004973E-001  1.7656249999999998E-002  1.7656249999999998E-002
 7.9453124999999986E-002  8.8281249999999992E-002  4.9202194577797798E+001  5.4002038493911619E-001 -1.7892007998836673E-001  1.3448053502715944E+000  1.2401026483323647E-001  1.2457463398126525E-001  1.7656249999999998E-002  1.7656249999999998E-002
 9.7109374999999984E-002  1.0593749999999999E-001  5.3486626091803878E+001  6.3529462483473464E-001 -1.1900585503948085E+000  1.0478329712030585E+000  1.0856451970311626E-001  1.0840800066664341E-001  1.7656249999999998E-002  1.7656249999999998E-002
 1.1476562499999998E-001  1.2359374999999999E-001  6.8820928872745043E+001  6.5164269618957193E-001 -2.2428386516222085E+000  1.3669336053283665E+000  1.0590302155848150E-001  1.3132661742503429E-001  1.7656249999999998E-002  1.7656249999999998E-002
 1.3242187499999997E-001  1.4124999999999999E-001  6.5172523412163201E+001  6.8314574863522393E-001 -1.3211173397680955E+000  1.0381211686073137E+000  1.2317050617428296E-001  1.3358557538343696E-001  1.7656249999999991E-002  1.7656249999999998E-002
 1.5007812499999995E-001  1.5890624999999997E-001  5.5670363276116916E+001  5.6613062171852258E-001  6.7976057261299094E-001  1.2566481115489296E+000  1.2663908283035591E-001  1.3772794645021125E-001  1.7656249999999998E-002  1.7656249999999984E-002
 1.6773437499999994E-001  1.7656249999999998E-001  5.4532988492567981E+001  4.8366121476538870E-001  1.1469599597200464E+000  1.3380524645873957E+000  1.4426093875837848E-001  1.3197402162303487E-001  1.7656250000000012E-002  1.7656250000000012E-002
 1.8539062499999995E-001  1.9421875000000000E-001  5.2152658433828066E+001  3.7388652208462370E-001  1.3257869412020438E+000  1.2327040685805903E+000  1.4072683163209260E-001  1.3665475842934416E-001  1.7656249999999998E-002  1.7656250000000012E-002
 2.0304687499999996E-001  2.1187499999999998E-001  5.3844537668739960E+001  6.1101593140798061E-001  1.6882259347149466E+000  9.7458635004917160E-001  1.5196256944945452E-001  1.2936596144750528E-001  1.7656249999999984E-002  1.7656249999999984E-002
 2.2070312499999994E-001  2.2953124999999996E-001  5.3486919453866172E+001  6.5285937365668079E-001  2.1498741538343529E+000  9.6755673564730771E-001  1.3984489940498707E-001  1.3267988086957810E-001  1.7656249999999998E-002  1.7656249999999984E-002
 2.3835937499999993E-001  2.4718749999999998E-001  5.6982347283738918E+001  8.2970944733473262E-001  9.0012440526294568E-001  1.0915529522629168E+000  1.4915210071694712E-001  1.4051203669071019E-001  1.7656250000000012E-002  1.7656250000000012E-002
 2.5601562499999997E-001  2.6484374999999999E-001  6.2782310425133161E+001  1.0918940402767665E+000 -1.1799868904822421E+000  1.2557689800848906E+000  1.2562063984706304E-001  1.3035699062894096E-001  1.7656249999999998E-002  1.7656250000000012E-002
 2.7367187499999995E-001  2.8249999999999997E-001  5.4767998944324731E+001  9.0614244176756986E-001 -2.5332861366615091E+000  6.1172984523914520E-001  1.3889523220389771E-001  1.2521608015547356E-001  1.7656249999999984E-002  1.7656249999999984E-002
 2.9132812499999994E-001  3.0015624999999996E-001  6.1832863432427501E+001  9.3374549690960873E-001 -2.5988639565632994E+000  1.3527012091923316E+000  1.4492499762060751E-001  1.3767805364143820E-001  1.7656249999999984E-002  1.7656249999999984E-002
 3.0898437499999992E-001  3.1781249999999994E-001  6.3947183518333745E+001  7.2485355694755338E-001 -1.5505106844087173E+000  1.1262165224120300E+000  1.3115857227030814E-001  1.3124005335812072E-001  1.7656250000000012E-002  1.7656249999999984E-002
 3.2664062499999991E-001  3.3546874999999998E-001  5.1224471279392908E+001  5.1051861400103338E-001 -3.6081571870689072E-001  1.0289780334270737E+000  1.1195340055339048E-001  1.2349425195785185E-001  1.7656250000000012E-002  1.7656250000000040E-002
 3.4429687499999995E-001  3.5312499999999997E-001  7.4961893169824691E+001  5.7479360389849843E-001  1.6737204169800917E+000  1.4473707374400275E+000  1.1796494250423728E-001  1.0902031018184544E-001  1.7656249999999984E-002  1.7656249999999984E-002
 3.6195312499999993E-001  3.7078124999999995E-001  5.2947056012431474E+001  4.7314140670314087E-001  2.1374780358061543E+000  1.4491324255298230E+000  1.3195051378613970E-001  1.0358587709541595E-001  1.7656250000000012E-002  1.7656249999999984E-002
 3.7960937499999992E-001  3.8843749999999999E-001  5.7463613457282548E+001  5.2084672313256442E-001  2.4889086917281555E+000  1.4640918263215674E+000  1.3677156945435262E-001  1.0118032757649673E-001  1.7656250000000012E-002  1.7656250000000040E-002
 3.9726562499999996E-001  4.0609374999999998E-001  5.0227367012190136E+001  6.2882579972766839E-001  8.4538961162072368E-001  4.1944899196612645E-001  1.1911143782099212E-001  1.0208164836783271E-001  1.7656249999999984E-002  1.7656249999999984E-002
 4.1492187499999994E-001  4.2374999999999996E-001  4.3157146510954398E+001  5.6407708726676742E-001 -1.1034375803307348E+000  6.0749219040532476E-001  1.0892340801218860E-001  1.0253651037930187E-001  1.7656249999999984E-002  1.7656249999999984E-002
 4.3257812499999992E-001  4.4140624999999994E-001  4.7108570125210960E+001  6.3988703116680989E-001 -1.0340414749097695E+000  9.0096696403308152E-001  1.1048935133804121E-001  1.0371628684673531E-001  1.7656249999999984E-002  1.7656249999999984E-002
 4.5023437499999991E-001  4.5906249999999993E-001  5.3248768749929781E+001  7.2746588886519437E-001 -1.5458608018522628E+000  1.3735081764681309E+000  1.3577763594324990E-001  1.1211871067853850E-001  1.7656250000000012E-002  1.7656249999999984E-002
 4.6789062499999989E-001  4.7671874999999997E-001  7.0678253210554033E+001  6.8685584474622596E-001 -1.0379563167785346E+000  1.5329202688034926E+000  1.4268761484017489E-001  1.1792697683439389E-001  1.7656250000000012E-002  1.7656250000000040E-002
 4.8554687499999993E-001  4.9437499999999995E-001  7.4156171330813550E+001  6.4562130448887889E-001 -1.3452747488840283E-001  1.0980621820273984E+000  1.2625162349445407E-001  1.2433269811263656E-001  1.7656249999999984E-002  1.7656249999999984E-002
 5.0320312499999997E-001  5.1203124999999994E-001  6.8667457072532528E+001  5.9278443382179513E-001  1.1229241353571384E+000  1.7470779794976186E+000  1.2457446446758937E-001  1.4158669777049598E-001  1.7656250000000012E-002  1.7656249999999984E-002
 5.2085937500000001E-001  5.2968749999999998E-001  7.4349853871619430E+001  7.6578811876310504E-001  1.3729581318758974E+000  1.0434338728632542E+000  1.3292305828812845E-001  1.3834884683946158E-001  1.7656249999999984E-002  1.7656250000000040E-002
 5.3851562500000005E-001  5.4734374999999991E-001  6.1028661756195987E+001  7.9909366134033788E-001  4.8633213303658046E-001  1.2268445332495088E+000  1.2573997929717246E-001  1.1761312983314770E-001  1.7656249999999984E-002  1.7656249999999929E-002
 5.5617187499999998E-001  5.6499999999999995E-001  1.0732962985805803E+002  1.1748046762747721E+001 -1.2225448773576135E+000  1.8064072157422344E+000  3.1269379720386792E-001  1.1241212661633290E-001  1.7656250000000040E-002  1.7656250000000040E-002
